
INFO [2024-01-03T21:09:23.634Z]: Tracking open event
INFO [2024-01-03T21:09:23.636Z]: Creating language service
INFO [2024-01-03T21:09:23.636Z]: Creating settings service
INFO [2024-01-03T21:09:23.636Z]: Creating workspace service
INFO [2024-01-03T21:09:23.636Z]: Creating remote AI
INFO [2024-01-03T21:09:23.636Z]: Creating feedback service
INFO [2024-01-03T21:09:23.636Z]: Creating share service
INFO [2024-01-03T21:09:23.636Z]: Creating workspace controller
INFO [2024-01-03T21:09:23.636Z]: Enabling workspace listeners
INFO [2024-01-03T21:09:23.637Z]: Creating source
INFO [2024-01-03T21:09:23.637Z]: Initializing workspace controller
INFO [2024-01-03T21:09:23.637Z]: opened
INFO [2024-01-03T21:09:23.637Z]: {}
INFO [2024-01-03T21:10:41.778Z]: Tracking open event
INFO [2024-01-03T21:10:41.780Z]: Creating language service
INFO [2024-01-03T21:10:41.780Z]: Creating settings service
INFO [2024-01-03T21:10:41.780Z]: Creating workspace service
INFO [2024-01-03T21:10:41.780Z]: Creating remote AI
INFO [2024-01-03T21:10:41.780Z]: Creating feedback service
INFO [2024-01-03T21:10:41.780Z]: Creating share service
INFO [2024-01-03T21:10:41.780Z]: Creating workspace controller
INFO [2024-01-03T21:10:41.780Z]: Enabling workspace listeners
INFO [2024-01-03T21:10:41.780Z]: Creating source
INFO [2024-01-03T21:10:41.780Z]: Initializing workspace controller
INFO [2024-01-03T21:10:41.781Z]: opened
INFO [2024-01-03T21:10:41.781Z]: {}
INFO [2024-01-03T21:12:19.890Z]: Tracking open event
INFO [2024-01-03T21:12:19.892Z]: Creating language service
INFO [2024-01-03T21:12:19.892Z]: Creating settings service
INFO [2024-01-03T21:12:19.892Z]: Creating workspace service
INFO [2024-01-03T21:12:19.892Z]: Creating remote AI
INFO [2024-01-03T21:12:19.892Z]: Creating feedback service
INFO [2024-01-03T21:12:19.892Z]: Creating share service
INFO [2024-01-03T21:12:19.892Z]: Creating workspace controller
INFO [2024-01-03T21:12:19.892Z]: Enabling workspace listeners
INFO [2024-01-03T21:12:19.892Z]: Creating source
INFO [2024-01-03T21:12:19.892Z]: Initializing workspace controller
INFO [2024-01-03T21:12:19.892Z]: opened
INFO [2024-01-03T21:12:19.892Z]: {}
INFO [2024-01-04T00:48:02.376Z]: Tracking open event
INFO [2024-01-04T00:48:02.377Z]: Creating language service
INFO [2024-01-04T00:48:02.377Z]: Creating settings service
INFO [2024-01-04T00:48:02.377Z]: Creating workspace service
INFO [2024-01-04T00:48:02.377Z]: Creating remote AI
INFO [2024-01-04T00:48:02.377Z]: Creating feedback service
INFO [2024-01-04T00:48:02.377Z]: Creating share service
INFO [2024-01-04T00:48:02.377Z]: Creating workspace controller
INFO [2024-01-04T00:48:02.378Z]: Enabling workspace listeners
INFO [2024-01-04T00:48:02.378Z]: Creating source
INFO [2024-01-04T00:48:02.378Z]: Initializing workspace controller
INFO [2024-01-04T00:48:02.378Z]: opened
INFO [2024-01-04T00:48:02.378Z]: {}
INFO [2024-01-05T00:54:01.418Z]: Tracking open event
INFO [2024-01-05T00:54:01.419Z]: Creating language service
INFO [2024-01-05T00:54:01.420Z]: Creating settings service
INFO [2024-01-05T00:54:01.420Z]: Creating workspace service
INFO [2024-01-05T00:54:01.421Z]: Creating remote AI
INFO [2024-01-05T00:54:01.421Z]: Creating feedback service
INFO [2024-01-05T00:54:01.421Z]: Creating share service
INFO [2024-01-05T00:54:01.421Z]: Creating workspace controller
INFO [2024-01-05T00:54:01.421Z]: Enabling workspace listeners
INFO [2024-01-05T00:54:01.422Z]: Creating source
INFO [2024-01-05T00:54:01.422Z]: Initializing workspace controller
INFO [2024-01-05T00:54:01.423Z]: opened
INFO [2024-01-05T00:54:01.423Z]: {}
INFO [2024-01-06T00:25:19.920Z]: Tracking open event
INFO [2024-01-06T00:25:19.927Z]: Creating language service
INFO [2024-01-06T00:25:19.927Z]: Creating settings service
INFO [2024-01-06T00:25:19.927Z]: Creating workspace service
INFO [2024-01-06T00:25:19.927Z]: Creating remote AI
INFO [2024-01-06T00:25:19.927Z]: Creating feedback service
INFO [2024-01-06T00:25:19.927Z]: Creating share service
INFO [2024-01-06T00:25:19.928Z]: Creating workspace controller
INFO [2024-01-06T00:25:19.928Z]: Enabling workspace listeners
INFO [2024-01-06T00:25:19.928Z]: Creating source
INFO [2024-01-06T00:25:19.928Z]: Initializing workspace controller
INFO [2024-01-06T00:25:19.928Z]: opened
INFO [2024-01-06T00:25:19.928Z]: {}